{
  "RSpec": {
    "coverage": {
      "/home/friendly-machine-4891/tic-tac-toe-rb-ruby-apply-000/lib/tic_tac_toe.rb": [
        1,
        12,
        0,
        0,
        0,
        null,
        0,
        0,
        0,
        null,
        0,
        0,
        0,
        0,
        null,
        null,
        0,
        null,
        null,
        1,
        23,
        null,
        null,
        1,
        5,
        1,
        null,
        0,
        null,
        null,
        null,
        1,
        3,
        0,
        null,
        0,
        null,
        null,
        null,
        1,
        3,
        3,
        0,
        null,
        null,
        0,
        0,
        null,
        0,
        null,
        null,
        null,
        null,
        1,
        2,
        2,
        18,
        5,
        null,
        null,
        2,
        null,
        null,
        1,
        1,
        1,
        1,
        null,
        0,
        null,
        null,
        null,
        1,
        7,
        7,
        7,
        7,
        7,
        null,
        null,
        1,
        6,
        null,
        null,
        1,
        6,
        null,
        null,
        1,
        8,
        null,
        null,
        1,
        6,
        null,
        null,
        1,
        3,
        3,
        3,
        3,
        2,
        2,
        null,
        1,
        null,
        null,
        null,
        1,
        0,
        0,
        null,
        null,
        0,
        0,
        0,
        0,
        0,
        0,
        null,
        0,
        null
      ]
    },
    "timestamp": 1597156659
  }
}
